\BOOKMARK [1][-]{section.1}{\376\377\000I\000n\000t\000r\000o\000d\000u\000c\000t\000i\000o\000n}{}% 1
\BOOKMARK [1][-]{section.2}{\376\377\000R\000e\000l\000a\000t\000e\000d\000\040\000W\000o\000r\000k}{}% 2
\BOOKMARK [1][-]{section.3}{\376\377\000M\000e\000t\000h\000o\000d}{}% 3
\BOOKMARK [2][-]{subsection.3.1}{\376\377\000S\000e\000t\000u\000p}{section.3}% 4
\BOOKMARK [2][-]{subsection.3.2}{\376\377\000K\000e\000y\000\040\000O\000b\000s\000e\000r\000v\000a\000t\000i\000o\000n}{section.3}% 5
\BOOKMARK [2][-]{subsection.3.3}{\376\377\000F\000o\000r\000w\000a\000r\000d\000\040\000P\000a\000s\000s}{section.3}% 6
\BOOKMARK [2][-]{subsection.3.4}{\376\377\000B\000a\000c\000k\000w\000a\000r\000d\000\040\000P\000a\000s\000s}{section.3}% 7
\BOOKMARK [2][-]{subsection.3.5}{\376\377\000C\000o\000m\000p\000l\000e\000x\000i\000t\000y}{section.3}% 8
\BOOKMARK [1][-]{section.4}{\376\377\000I\000m\000p\000l\000e\000m\000e\000n\000t\000a\000t\000i\000o\000n\000\040\000N\000o\000t\000e\000s}{}% 9
\BOOKMARK [1][-]{section.5}{\376\377\000E\000x\000p\000e\000r\000i\000m\000e\000n\000t\000s}{}% 10
\BOOKMARK [2][-]{subsection.5.1}{\376\377\000V\000a\000l\000i\000d\000a\000t\000i\000o\000n}{section.5}% 11
\BOOKMARK [2][-]{subsection.5.2}{\376\377\000R\000u\000n\000t\000i\000m\000e\000\040\000a\000n\000d\000\040\000M\000e\000m\000o\000r\000y\000\040\000v\000s\000.\000\040\000N\000u\000m\000b\000e\000r\000\040\000o\000f\000\040\000L\000a\000b\000e\000l\000s}{section.5}% 12
\BOOKMARK [2][-]{subsection.5.3}{\376\377\000R\000u\000n\000t\000i\000m\000e\000\040\000a\000n\000d\000\040\000M\000e\000m\000o\000r\000y\000\040\000v\000s\000.\000\040\000S\000p\000a\000t\000i\000a\000l\000\040\000S\000i\000z\000e}{section.5}% 13
\BOOKMARK [2][-]{subsection.5.4}{\376\377\000O\000p\000t\000i\000o\000n\000a\000l\000:\000\040\000R\000e\000g\000i\000s\000t\000r\000a\000t\000i\000o\000n\000\040\000P\000i\000p\000e\000l\000i\000n\000e}{section.5}% 14
\BOOKMARK [1][-]{section.6}{\376\377\000R\000e\000s\000u\000l\000t\000s}{}% 15
\BOOKMARK [2][-]{subsection.6.1}{\376\377\000C\000o\000r\000r\000e\000c\000t\000n\000e\000s\000s}{section.6}% 16
\BOOKMARK [2][-]{subsection.6.2}{\376\377\000S\000c\000a\000l\000i\000n\000g}{section.6}% 17
\BOOKMARK [2][-]{subsection.6.3}{\376\377\000O\000p\000t\000i\000o\000n\000a\000l\000\040\000R\000e\000g\000i\000s\000t\000r\000a\000t\000i\000o\000n}{section.6}% 18
\BOOKMARK [2][-]{subsection.6.4}{\376\377\000R\000e\000p\000r\000o\000d\000u\000c\000i\000b\000i\000l\000i\000t\000y}{section.6}% 19
\BOOKMARK [1][-]{section.7}{\376\377\000C\000o\000n\000c\000l\000u\000s\000i\000o\000n}{}% 20
